<?xml version="1.0" encoding="UTF-8"?>
<testsuite xmlns:xsi="http://www.w3.org/2001/XMLSchema-instance" xsi:noNamespaceSchemaLocation="https://maven.apache.org/surefire/maven-surefire-plugin/xsd/surefire-test-report.xsd" version="3.0.2" name="runners.TestRunner" time="191.794" tests="26" errors="0" skipped="0" failures="0">
  <properties>
[...]
</properties>
  <testcase name="runScenario[&quot;Verify account overview page after login&quot;, &quot;Account Overview Functionality&quot;](1)" classname="runners.TestRunner" time="6.886">
    <system-out><![CDATA[
Scenario: Verify account overview page after login      # src/test/resources/features/AccountOverview.feature:3
  âœ” Given User launches ParaBank application            # stepdefinitions.LoginSteps.user_launches_parabank_application()
  âœ” When user logs into ParaBank application            # stepdefinitions.AccountsSteps.user_logs_into_para_bank_application()
  âœ” And user clicks on accounts overview                # stepdefinitions.AccountsSteps.user_clicks_on_accounts_overview()
  âœ” Then user should navigate to accounts overview page # stepdefinitions.AccountsSteps.user_should_navigate_to_accounts_overview_page()
]]></system-out>
    <system-err><![CDATA[SLF4J(W): No SLF4J providers were found.
SLF4J(W): Defaulting to no-operation (NOP) logger implementation
SLF4J(W): See https://www.slf4j.org/codes.html#noProviders for further details.
]]></system-err>
  </testcase>
  <testcase name="runScenario[&quot;Verify account details and balances are displayed&quot;, &quot;Account Overview Functionality&quot;](2)" classname="runners.TestRunner" time="8.362">
    <system-out><![CDATA[
Scenario: Verify account details and balances are displayed # src/test/resources/features/AccountOverview.feature:11
  âœ” Given User launches ParaBank application                # stepdefinitions.LoginSteps.user_launches_parabank_application()
  âœ” When user logs into ParaBank application                # stepdefinitions.AccountsSteps.user_logs_into_para_bank_application()
  âœ” And user clicks on accounts overview                    # stepdefinitions.AccountsSteps.user_clicks_on_accounts_overview()
  âœ” Then user should see account details and balances       # stepdefinitions.AccountsSteps.user_should_see_account_details_and_balances()
]]></system-out>
  </testcase>
  <testcase name="runScenario[&quot;Navigate to bill pay page&quot;, &quot;Bill Pay Functionality&quot;](3)" classname="runners.TestRunner" time="5.256">
    <system-out><![CDATA[
Scenario: Navigate to bill pay page               # src/test/resources/features/BillPay.feature:4
  âœ” Given User launches ParaBank application      # stepdefinitions.LoginSteps.user_launches_parabank_application()
  âœ” When user logs into parabank for bill payment # stepdefinitions.BillPaySteps.user_logs_into_parabank_for_bill_payment()
  âœ” And user clicks on bill pay link              # stepdefinitions.BillPaySteps.user_clicks_on_bill_pay_link()
  âœ” Then user should navigate to bill pay page    # stepdefinitions.BillPaySteps.user_should_navigate_to_bill_pay_page()
]]></system-out>
  </testcase>
  <testcase name="runScenario[&quot;Pay bill using valid details&quot;, &quot;Bill Pay Functionality&quot;](4)" classname="runners.TestRunner" time="10.512">
    <system-out><![CDATA[
Scenario: Pay bill using valid details            # src/test/resources/features/BillPay.feature:11
  âœ” Given User launches ParaBank application      # stepdefinitions.LoginSteps.user_launches_parabank_application()
  âœ” When user logs into parabank for bill payment # stepdefinitions.BillPaySteps.user_logs_into_parabank_for_bill_payment()
  âœ” And user clicks on bill pay link              # stepdefinitions.BillPaySteps.user_clicks_on_bill_pay_link()
  âœ” And user enters valid bill payment details    # stepdefinitions.BillPaySteps.user_enters_valid_bill_payment_details()
  âœ” And user clicks send payment button           # stepdefinitions.BillPaySteps.user_clicks_send_payment_button()
  âœ” Then bill payment should be successful        # stepdefinitions.BillPaySteps.bill_payment_should_be_successful()
]]></system-out>
  </testcase>
  <testcase name="runScenario[&quot;Pay bill using invalid details&quot;, &quot;Bill Pay Functionality&quot;](5)" classname="runners.TestRunner" time="10.495">
    <system-out><![CDATA[
Scenario: Pay bill using invalid details               # src/test/resources/features/BillPay.feature:20
  âœ” Given User launches ParaBank application           # stepdefinitions.LoginSteps.user_launches_parabank_application()
  âœ” When user logs into parabank for bill payment      # stepdefinitions.BillPaySteps.user_logs_into_parabank_for_bill_payment()
  âœ” And user clicks on bill pay link                   # stepdefinitions.BillPaySteps.user_clicks_on_bill_pay_link()
  âœ” And user enters invalid bill payment details       # stepdefinitions.BillPaySteps.user_enters_invalid_bill_payment_details()
  âœ” And user clicks send payment button                # stepdefinitions.BillPaySteps.user_clicks_send_payment_button()
  âœ” Then user should see invalid bill payment behavior # stepdefinitions.BillPaySteps.user_should_see_invalid_bill_payment_behavior()
]]></system-out>
  </testcase>
  <testcase name="runScenario[&quot;Verify bill payment confirmation message&quot;, &quot;Bill Pay Functionality&quot;](6)" classname="runners.TestRunner" time="12.945">
    <system-out><![CDATA[
Scenario: Verify bill payment confirmation message         # src/test/resources/features/BillPay.feature:29
  âœ” Given User launches ParaBank application               # stepdefinitions.LoginSteps.user_launches_parabank_application()
  âœ” When user logs into parabank for bill payment          # stepdefinitions.BillPaySteps.user_logs_into_parabank_for_bill_payment()
  âœ” And user clicks on bill pay link                       # stepdefinitions.BillPaySteps.user_clicks_on_bill_pay_link()
  âœ” And user enters valid bill payment details             # stepdefinitions.BillPaySteps.user_enters_valid_bill_payment_details()
  âœ” And user clicks send payment button                    # stepdefinitions.BillPaySteps.user_clicks_send_payment_button()
  âœ” Then user should see bill payment confirmation message # stepdefinitions.BillPaySteps.user_should_see_bill_payment_confirmation_message()
]]></system-out>
  </testcase>
  <testcase name="runScenario[&quot;Login with valid username and password&quot;, &quot;Login Functionality&quot;](7)" classname="runners.TestRunner" time="10.227">
    <system-out><![CDATA[
Scenario: Login with valid username and password       # src/test/resources/features/Login.feature:3
  âœ” Given User launches ParaBank application           # stepdefinitions.LoginSteps.user_launches_parabank_application()
  âœ” When User enters valid username and password       # stepdefinitions.LoginSteps.user_enters_valid_username_and_password()
  âœ” And User clicks login button                       # stepdefinitions.LoginSteps.user_clicks_login_button()
  âœ” Then User should navigate to account overview page # stepdefinitions.LoginSteps.user_should_navigate_to_account_overview_page()
]]></system-out>
  </testcase>
  <testcase name="runScenario[&quot;Login with invalid username&quot;, &quot;Login Functionality&quot;](8)" classname="runners.TestRunner" time="7.335">
    <system-out><![CDATA[
Scenario: Login with invalid username                    # src/test/resources/features/Login.feature:10
  âœ” Given User launches ParaBank application             # stepdefinitions.LoginSteps.user_launches_parabank_application()
  âœ” When User enters invalid username and valid password # stepdefinitions.LoginSteps.user_enters_invalid_username_and_valid_password()
  âœ” And User clicks login button                         # stepdefinitions.LoginSteps.user_clicks_login_button()
  âœ” Then User should see invalid login error message     # stepdefinitions.LoginSteps.user_should_see_invalid_login_error_message()
]]></system-out>
  </testcase>
  <testcase name="runScenario[&quot;Login with invalid password&quot;, &quot;Login Functionality&quot;](9)" classname="runners.TestRunner" time="9.004">
    <system-out><![CDATA[
Scenario: Login with invalid password                    # src/test/resources/features/Login.feature:17
  âœ” Given User launches ParaBank application             # stepdefinitions.LoginSteps.user_launches_parabank_application()
  âœ” When User enters valid username and invalid password # stepdefinitions.LoginSteps.user_enters_valid_username_and_invalid_password()
  âœ” And User clicks login button                         # stepdefinitions.LoginSteps.user_clicks_login_button()
  âœ” Then User should see invalid login error message     # stepdefinitions.LoginSteps.user_should_see_invalid_login_error_message()
]]></system-out>
  </testcase>
  <testcase name="runScenario[&quot;Login with blank credentials&quot;, &quot;Login Functionality&quot;](10)" classname="runners.TestRunner" time="8.58">
    <system-out><![CDATA[
Scenario: Login with blank credentials               # src/test/resources/features/Login.feature:24
  âœ” Given User launches ParaBank application         # stepdefinitions.LoginSteps.user_launches_parabank_application()
  âœ” When User enters blank username and password     # stepdefinitions.LoginSteps.user_enters_blank_username_and_password()
  âœ” And User clicks login button                     # stepdefinitions.LoginSteps.user_clicks_login_button()
  âœ” Then User should see invalid login error message # stepdefinitions.LoginSteps.user_should_see_invalid_login_error_message()
]]></system-out>
  </testcase>
  <testcase name="runScenario[&quot;Verify all UI elements on login page&quot;, &quot;Login Functionality&quot;](11)" classname="runners.TestRunner" time="5.357">
    <system-out><![CDATA[
Scenario: Verify all UI elements on login page # src/test/resources/features/Login.feature:31
  âœ” Given User launches ParaBank application   # stepdefinitions.LoginSteps.user_launches_parabank_application()
  âœ” Then User should verify username textbox   # stepdefinitions.LoginSteps.user_should_verify_username_textbox()
  âœ” And User should verify password textbox    # stepdefinitions.LoginSteps.user_should_verify_password_textbox()
  âœ” And User should verify login button        # stepdefinitions.LoginSteps.user_should_verify_login_button()
]]></system-out>
  </testcase>
  <testcase name="runScenario[&quot;Verify error message for invalid login&quot;, &quot;Login Functionality&quot;](12)" classname="runners.TestRunner" time="3.98">
    <system-out><![CDATA[
Scenario: Verify error message for invalid login     # src/test/resources/features/Login.feature:38
  âœ” Given User launches ParaBank application         # stepdefinitions.LoginSteps.user_launches_parabank_application()
  âœ” When User enters invalid username and password   # stepdefinitions.LogoutSteps.user_enters_invalid_username_and_password()
  âœ” And User clicks login button                     # stepdefinitions.LoginSteps.user_clicks_login_button()
  âœ” Then User should see invalid login error message # stepdefinitions.LoginSteps.user_should_see_invalid_login_error_message()
]]></system-out>
  </testcase>
  <testcase name="runScenario[&quot;Verify logout functionality&quot;, &quot;Logout Functionality&quot;](13)" classname="runners.TestRunner" time="4.694">
    <system-out><![CDATA[
Scenario: Verify logout functionality        # src/test/resources/features/Logout.feature:3
  âœ” Given User launches ParaBank application # stepdefinitions.LoginSteps.user_launches_parabank_application()
  âœ” When user logs into parabank for logout  # stepdefinitions.LogoutSteps.user_logs_into_parabank_for_logout()
  âœ” And user clicks logout link              # stepdefinitions.LogoutSteps.user_clicks_logout_link()
  âœ” Then user should logout successfully     # stepdefinitions.LogoutSteps.user_should_logout_successfully()
]]></system-out>
  </testcase>
  <testcase name="runScenario[&quot;Verify session termination after logout&quot;, &quot;Logout Functionality&quot;](14)" classname="runners.TestRunner" time="4.974">
    <system-out><![CDATA[
Scenario: Verify session termination after logout   # src/test/resources/features/Logout.feature:10
  âœ” Given User launches ParaBank application        # stepdefinitions.LoginSteps.user_launches_parabank_application()
  âœ” When user logs into parabank for logout         # stepdefinitions.LogoutSteps.user_logs_into_parabank_for_logout()
  âœ” And user clicks logout link                     # stepdefinitions.LogoutSteps.user_clicks_logout_link()
  âœ” Then user session should terminate successfully # stepdefinitions.LogoutSteps.user_session_should_terminate_successfully()
]]></system-out>
  </testcase>
  <testcase name="runScenario[&quot;Navigate to user registration page&quot;, &quot;Registration Functionality&quot;](15)" classname="runners.TestRunner" time="3.584">
    <system-out><![CDATA[
Scenario: Navigate to user registration page # src/test/resources/features/Registration.feature:3
  âœ” Given User launches ParaBank application # stepdefinitions.LoginSteps.user_launches_parabank_application()
  âœ” When user clicks on register link        # stepdefinitions.RegistrationSteps.user_clicks_on_register_link()
]]></system-out>
  </testcase>
  <testcase name="runScenario[&quot;Register new user with valid details&quot;, &quot;Registration Functionality&quot;](16)" classname="runners.TestRunner" time="4.538">
    <system-out><![CDATA[
Scenario: Register new user with valid details # src/test/resources/features/Registration.feature:8
  âœ” Given User launches ParaBank application   # stepdefinitions.LoginSteps.user_launches_parabank_application()
  âœ” When user clicks on register link          # stepdefinitions.RegistrationSteps.user_clicks_on_register_link()
  âœ” And user enters firstname                  # stepdefinitions.RegistrationSteps.user_enters_firstname()
  âœ” And user enters lastname                   # stepdefinitions.RegistrationSteps.user_enters_lastname()
  âœ” And user enters address                    # stepdefinitions.RegistrationSteps.user_enters_address()
  âœ” And user enters city                       # stepdefinitions.RegistrationSteps.user_enters_city()
  âœ” And user enters state                      # stepdefinitions.RegistrationSteps.user_enters_state()
  âœ” And user enters zipcode                    # stepdefinitions.RegistrationSteps.user_enters_zipcode()
  âœ” And user enters phone number               # stepdefinitions.RegistrationSteps.user_enters_phone_number()
  âœ” And user enters ssn                        # stepdefinitions.RegistrationSteps.user_enters_ssn()
  âœ” And user enters username                   # stepdefinitions.RegistrationSteps.user_enters_username()
  âœ” And user enters password                   # stepdefinitions.RegistrationSteps.user_enters_password()
  âœ” And user enters confirm password           # stepdefinitions.RegistrationSteps.user_enters_confirm_password()
  âœ” And user clicks register button            # stepdefinitions.RegistrationSteps.user_clicks_register_button()
  âœ” Then user should register successfully     # stepdefinitions.RegistrationSteps.user_should_register_successfully()
]]></system-out>
  </testcase>
  <testcase name="runScenario[&quot;Register user with missing mandatory fields&quot;, &quot;Registration Functionality&quot;](17)" classname="runners.TestRunner" time="3.772">
    <system-out><![CDATA[
Scenario: Register user with missing mandatory fields                 # src/test/resources/features/Registration.feature:26
  âœ” Given User launches ParaBank application                          # stepdefinitions.LoginSteps.user_launches_parabank_application()
  âœ” When user clicks on register link                                 # stepdefinitions.RegistrationSteps.user_clicks_on_register_link()
  âœ” And user clicks register button without entering mandatory fields # stepdefinitions.RegistrationSteps.user_clicks_register_button_without_entering_mandatory_fields()
  âœ” Then user should see mandatory field error                        # stepdefinitions.RegistrationSteps.user_should_see_mandatory_field_error()
]]></system-out>
  </testcase>
  <testcase name="runScenario[&quot;Verify successful registration message&quot;, &quot;Registration Functionality&quot;](18)" classname="runners.TestRunner" time="5.076">
    <system-out><![CDATA[
Scenario: Verify successful registration message # src/test/resources/features/Registration.feature:33
  âœ” Given User launches ParaBank application     # stepdefinitions.LoginSteps.user_launches_parabank_application()
  âœ” When user clicks on register link            # stepdefinitions.RegistrationSteps.user_clicks_on_register_link()
  âœ” And user enters firstname                    # stepdefinitions.RegistrationSteps.user_enters_firstname()
  âœ” And user enters lastname                     # stepdefinitions.RegistrationSteps.user_enters_lastname()
  âœ” And user enters address                      # stepdefinitions.RegistrationSteps.user_enters_address()
  âœ” And user enters city                         # stepdefinitions.RegistrationSteps.user_enters_city()
  âœ” And user enters state                        # stepdefinitions.RegistrationSteps.user_enters_state()
  âœ” And user enters zipcode                      # stepdefinitions.RegistrationSteps.user_enters_zipcode()
  âœ” And user enters phone number                 # stepdefinitions.RegistrationSteps.user_enters_phone_number()
  âœ” And user enters ssn                          # stepdefinitions.RegistrationSteps.user_enters_ssn()
  âœ” And user enters username                     # stepdefinitions.RegistrationSteps.user_enters_username()
  âœ” And user enters password                     # stepdefinitions.RegistrationSteps.user_enters_password()
  âœ” And user enters confirm password             # stepdefinitions.RegistrationSteps.user_enters_confirm_password()
  âœ” And user clicks register button              # stepdefinitions.RegistrationSteps.user_clicks_register_button()
  âœ” Then user should register successfully       # stepdefinitions.RegistrationSteps.user_should_register_successfully()
]]></system-out>
  </testcase>
  <testcase name="runScenario[&quot;Navigate to transfer funds page&quot;, &quot;Transfer Funds Functionality&quot;](19)" classname="runners.TestRunner" time="4.24">
    <system-out><![CDATA[
Scenario: Navigate to transfer funds page            # src/test/resources/features/TransferFunds.feature:3
  âœ” Given User launches ParaBank application         # stepdefinitions.LoginSteps.user_launches_parabank_application()
  âœ” When user logs into parabank for transfer funds  # stepdefinitions.TransferFundsSteps.user_logs_into_parabank_for_transfer_funds()
  âœ” And user clicks on transfer funds link           # stepdefinitions.TransferFundsSteps.user_clicks_on_transfer_funds_link()
  âœ” Then user should navigate to transfer funds page # stepdefinitions.TransferFundsSteps.user_should_navigate_to_transfer_funds_page()
]]></system-out>
  </testcase>
  <testcase name="runScenario[&quot;Transfer funds between accounts with valid data&quot;, &quot;Transfer Funds Functionality&quot;](20)" classname="runners.TestRunner" time="8.119">
    <system-out><![CDATA[
Scenario: Transfer funds between accounts with valid data # src/test/resources/features/TransferFunds.feature:10
  âœ” Given User launches ParaBank application              # stepdefinitions.LoginSteps.user_launches_parabank_application()
  âœ” When user logs into parabank for transfer funds       # stepdefinitions.TransferFundsSteps.user_logs_into_parabank_for_transfer_funds()
  âœ” And user clicks on transfer funds link                # stepdefinitions.TransferFundsSteps.user_clicks_on_transfer_funds_link()
  âœ” And user enters valid transfer amount                 # stepdefinitions.TransferFundsSteps.user_enters_valid_transfer_amount()
  âœ” And user clicks transfer funds button                 # stepdefinitions.TransferFundsSteps.user_clicks_transfer_funds_button()
  âœ” Then fund transfer should be successful               # stepdefinitions.TransferFundsSteps.fund_transfer_should_be_successful()
]]></system-out>
  </testcase>
  <testcase name="runScenario[&quot;Transfer funds with invalid amount&quot;, &quot;Transfer Funds Functionality&quot;](21)" classname="runners.TestRunner" time="7.622">
    <system-out><![CDATA[
Scenario: Transfer funds with invalid amount        # src/test/resources/features/TransferFunds.feature:20
  âœ” Given User launches ParaBank application        # stepdefinitions.LoginSteps.user_launches_parabank_application()
  âœ” When user logs into parabank for transfer funds # stepdefinitions.TransferFundsSteps.user_logs_into_parabank_for_transfer_funds()
  âœ” And user clicks on transfer funds link          # stepdefinitions.TransferFundsSteps.user_clicks_on_transfer_funds_link()
  âœ” And user enters invalid transfer amount         # stepdefinitions.TransferFundsSteps.user_enters_invalid_transfer_amount()
  âœ” And user clicks transfer funds button           # stepdefinitions.TransferFundsSteps.user_clicks_transfer_funds_button()
  âœ” Then user should see invalid transfer behavior  # stepdefinitions.TransferFundsSteps.user_should_see_invalid_transfer_behavior()
]]></system-out>
  </testcase>
  <testcase name="runScenario[&quot;Verify success message after fund transfer&quot;, &quot;Transfer Funds Functionality&quot;](22)" classname="runners.TestRunner" time="10.582">
    <system-out><![CDATA[
Scenario: Verify success message after fund transfer # src/test/resources/features/TransferFunds.feature:30
  âœ” Given User launches ParaBank application         # stepdefinitions.LoginSteps.user_launches_parabank_application()
  âœ” When user logs into parabank for transfer funds  # stepdefinitions.TransferFundsSteps.user_logs_into_parabank_for_transfer_funds()
  âœ” And user clicks on transfer funds link           # stepdefinitions.TransferFundsSteps.user_clicks_on_transfer_funds_link()
  âœ” And user enters valid transfer amount            # stepdefinitions.TransferFundsSteps.user_enters_valid_transfer_amount()
  âœ” And user clicks transfer funds button            # stepdefinitions.TransferFundsSteps.user_clicks_transfer_funds_button()
  âœ” Then user should see transfer success message    # stepdefinitions.TransferFundsSteps.user_should_see_transfer_success_message()
]]></system-out>
  </testcase>
  <testcase name="runScenario[&quot;Navigate to update contact information page&quot;, &quot;Update Contact Information Functionality&quot;](23)" classname="runners.TestRunner" time="4.162">
    <system-out><![CDATA[
Scenario: Navigate to update contact information page     # src/test/resources/features/UpdateContactInfo.feature:3
  âœ” Given User launches ParaBank application              # stepdefinitions.LoginSteps.user_launches_parabank_application()
  âœ” When user logs into parabank for update contact info  # stepdefinitions.UpdateContactInfoSteps.user_logs_into_parabank_for_update_contact_info()
  âœ” And user clicks on update contact info link           # stepdefinitions.UpdateContactInfoSteps.user_clicks_on_update_contact_info_link()
  âœ” Then user should navigate to update contact info page # stepdefinitions.UpdateContactInfoSteps.user_should_navigate_to_update_contact_info_page()
]]></system-out>
  </testcase>
  <testcase name="runScenario[&quot;Update contact details with valid data&quot;, &quot;Update Contact Information Functionality&quot;](24)" classname="runners.TestRunner" time="10.059">
    <system-out><![CDATA[
Scenario: Update contact details with valid data         # src/test/resources/features/UpdateContactInfo.feature:11
  âœ” Given User launches ParaBank application             # stepdefinitions.LoginSteps.user_launches_parabank_application()
  âœ” When user logs into parabank for update contact info # stepdefinitions.UpdateContactInfoSteps.user_logs_into_parabank_for_update_contact_info()
  âœ” And user clicks on update contact info link          # stepdefinitions.UpdateContactInfoSteps.user_clicks_on_update_contact_info_link()
  âœ” And user enters valid contact details                # stepdefinitions.UpdateContactInfoSteps.user_enters_valid_contact_details()
  âœ” And user clicks update profile button                # stepdefinitions.UpdateContactInfoSteps.user_clicks_update_profile_button()
  âœ” Then contact details should update successfully      # stepdefinitions.UpdateContactInfoSteps.contact_details_should_update_successfully()
]]></system-out>
  </testcase>
  <testcase name="runScenario[&quot;Update contact details with invalid data&quot;, &quot;Update Contact Information Functionality&quot;](25)" classname="runners.TestRunner" time="7.728">
    <system-out><![CDATA[
Scenario: Update contact details with invalid data       # src/test/resources/features/UpdateContactInfo.feature:20
  âœ” Given User launches ParaBank application             # stepdefinitions.LoginSteps.user_launches_parabank_application()
  âœ” When user logs into parabank for update contact info # stepdefinitions.UpdateContactInfoSteps.user_logs_into_parabank_for_update_contact_info()
  âœ” And user clicks on update contact info link          # stepdefinitions.UpdateContactInfoSteps.user_clicks_on_update_contact_info_link()
  âœ” And user enters invalid contact details              # stepdefinitions.UpdateContactInfoSteps.user_enters_invalid_contact_details()
  âœ” And user clicks update profile button                # stepdefinitions.UpdateContactInfoSteps.user_clicks_update_profile_button()
  âœ” Then user should see invalid update behavior         # stepdefinitions.UpdateContactInfoSteps.user_should_see_invalid_update_behavior()
]]></system-out>
  </testcase>
  <testcase name="runScenario[&quot;Verify updated contact information&quot;, &quot;Update Contact Information Functionality&quot;](26)" classname="runners.TestRunner" time="12.444">
    <system-out><![CDATA[
Scenario: Verify updated contact information                 # src/test/resources/features/UpdateContactInfo.feature:29
  âœ” Given User launches ParaBank application                 # stepdefinitions.LoginSteps.user_launches_parabank_application()
  âœ” When user logs into parabank for update contact info     # stepdefinitions.UpdateContactInfoSteps.user_logs_into_parabank_for_update_contact_info()
  âœ” And user clicks on update contact info link              # stepdefinitions.UpdateContactInfoSteps.user_clicks_on_update_contact_info_link()
  âœ” And user enters valid contact details                    # stepdefinitions.UpdateContactInfoSteps.user_enters_valid_contact_details()
  âœ” And user clicks update profile button                    # stepdefinitions.UpdateContactInfoSteps.user_clicks_update_profile_button()
  âœ” Then user should see updated contact information message # stepdefinitions.UpdateContactInfoSteps.user_should_see_updated_contact_information_message()
]]></system-out>
  </testcase>
</testsuite>