<?xml version="1.0" encoding="UTF-8"?>
<testng-results ignored="0" total="26" passed="26" failed="0" skipped="0">
  <reporter-output>
  </reporter-output>
  <suite started-at="2026-05-25T15:13:23 IST" name="Default suite" finished-at="2026-05-25T15:16:06 IST" duration-ms="162829">
    <groups>
      <group name="cucumber">
        <method signature="AbstractTestNGCucumberTests.runScenario(io.cucumber.testng.PickleWrapper,io.cucumber.testng.FeatureWrapper)[pri:0, instance:runners.TestRunner@38afe297]" name="runScenario" class="io.cucumber.testng.AbstractTestNGCucumberTests"/>
      </group> <!-- cucumber -->
    </groups>
    <test started-at="2026-05-25T15:13:23 IST" name="Default test" finished-at="2026-05-25T15:16:06 IST" duration-ms="162829">
      <class name="runners.TestRunner">
        <test-method is-config="true" signature="setUpClass(org.testng.ITestContext)[pri:0, instance:runners.TestRunner@38afe297]" started-at="2026-05-25T15:13:23 IST" name="setUpClass" finished-at="2026-05-25T15:13:24 IST" duration-ms="698" status="PASS">
          <params>
            <param index="0">
              <value>
                <![CDATA[org.testng.TestRunner@16b2d182]]>
              </value>
            </param>
          </params>
          <reporter-output>
          </reporter-output>
        </test-method> <!-- setUpClass -->
        <test-method signature="runScenario(io.cucumber.testng.PickleWrapper,io.cucumber.testng.FeatureWrapper)[pri:0, instance:runners.TestRunner@38afe297]" started-at="2026-05-25T15:13:24 IST" name="runScenario" description="Runs Cucumber Scenarios" data-provider="scenarios" finished-at="2026-05-25T15:13:33 IST" duration-ms="8434" status="PASS">
          <params>
            <param index="0">
              <value>
                <![CDATA["Verify account overview page after login"]]>
              </value>
            </param>
            <param index="1">
              <value>
                <![CDATA["Account Overview Functionality"]]>
              </value>
            </param>
          </params>
          <reporter-output>
          </reporter-output>
        </test-method> <!-- runScenario -->
        <test-method signature="runScenario(io.cucumber.testng.PickleWrapper,io.cucumber.testng.FeatureWrapper)[pri:0, instance:runners.TestRunner@38afe297]" started-at="2026-05-25T15:13:33 IST" name="runScenario" description="Runs Cucumber Scenarios" data-provider="scenarios" finished-at="2026-05-25T15:13:40 IST" duration-ms="7948" status="PASS">
          <params>
            <param index="0">
              <value>
                <![CDATA["Verify account details and balances are displayed"]]>
              </value>
            </param>
            <param index="1">
              <value>
                <![CDATA["Account Overview Functionality"]]>
              </value>
            </param>
          </params>
          <reporter-output>
          </reporter-output>
        </test-method> <!-- runScenario -->
        <test-method signature="runScenario(io.cucumber.testng.PickleWrapper,io.cucumber.testng.FeatureWrapper)[pri:0, instance:runners.TestRunner@38afe297]" started-at="2026-05-25T15:13:40 IST" name="runScenario" description="Runs Cucumber Scenarios" data-provider="scenarios" finished-at="2026-05-25T15:13:45 IST" duration-ms="4198" status="PASS">
          <params>
            <param index="0">
              <value>
                <![CDATA["Navigate to bill pay page"]]>
              </value>
            </param>
            <param index="1">
              <value>
                <![CDATA["Bill Pay Functionality"]]>
              </value>
            </param>
          </params>
          <reporter-output>
          </reporter-output>
        </test-method> <!-- runScenario -->
        <test-method signature="runScenario(io.cucumber.testng.PickleWrapper,io.cucumber.testng.FeatureWrapper)[pri:0, instance:runners.TestRunner@38afe297]" started-at="2026-05-25T15:13:45 IST" name="runScenario" description="Runs Cucumber Scenarios" data-provider="scenarios" finished-at="2026-05-25T15:13:50 IST" duration-ms="5765" status="PASS">
          <params>
            <param index="0">
              <value>
                <![CDATA["Pay bill using valid details"]]>
              </value>
            </param>
            <param index="1">
              <value>
                <![CDATA["Bill Pay Functionality"]]>
              </value>
            </param>
          </params>
          <reporter-output>
          </reporter-output>
        </test-method> <!-- runScenario -->
        <test-method signature="runScenario(io.cucumber.testng.PickleWrapper,io.cucumber.testng.FeatureWrapper)[pri:0, instance:runners.TestRunner@38afe297]" started-at="2026-05-25T15:13:50 IST" name="runScenario" description="Runs Cucumber Scenarios" data-provider="scenarios" finished-at="2026-05-25T15:13:56 IST" duration-ms="5345" status="PASS">
          <params>
            <param index="0">
              <value>
                <![CDATA["Pay bill using invalid details"]]>
              </value>
            </param>
            <param index="1">
              <value>
                <![CDATA["Bill Pay Functionality"]]>
              </value>
            </param>
          </params>
          <reporter-output>
          </reporter-output>
        </test-method> <!-- runScenario -->
        <test-method signature="runScenario(io.cucumber.testng.PickleWrapper,io.cucumber.testng.FeatureWrapper)[pri:0, instance:runners.TestRunner@38afe297]" started-at="2026-05-25T15:13:56 IST" name="runScenario" description="Runs Cucumber Scenarios" data-provider="scenarios" finished-at="2026-05-25T15:14:02 IST" duration-ms="5816" status="PASS">
          <params>
            <param index="0">
              <value>
                <![CDATA["Verify bill payment confirmation message"]]>
              </value>
            </param>
            <param index="1">
              <value>
                <![CDATA["Bill Pay Functionality"]]>
              </value>
            </param>
          </params>
          <reporter-output>
          </reporter-output>
        </test-method> <!-- runScenario -->
        <test-method signature="runScenario(io.cucumber.testng.PickleWrapper,io.cucumber.testng.FeatureWrapper)[pri:0, instance:runners.TestRunner@38afe297]" started-at="2026-05-25T15:14:02 IST" name="runScenario" description="Runs Cucumber Scenarios" data-provider="scenarios" finished-at="2026-05-25T15:14:05 IST" duration-ms="3871" status="PASS">
          <params>
            <param index="0">
              <value>
                <![CDATA["Login with valid username and password"]]>
              </value>
            </param>
            <param index="1">
              <value>
                <![CDATA["Login Functionality"]]>
              </value>
            </param>
          </params>
          <reporter-output>
          </reporter-output>
        </test-method> <!-- runScenario -->
        <test-method signature="runScenario(io.cucumber.testng.PickleWrapper,io.cucumber.testng.FeatureWrapper)[pri:0, instance:runners.TestRunner@38afe297]" started-at="2026-05-25T15:14:06 IST" name="runScenario" description="Runs Cucumber Scenarios" data-provider="scenarios" finished-at="2026-05-25T15:14:10 IST" duration-ms="4073" status="PASS">
          <params>
            <param index="0">
              <value>
                <![CDATA["Login with invalid username"]]>
              </value>
            </param>
            <param index="1">
              <value>
                <![CDATA["Login Functionality"]]>
              </value>
            </param>
          </params>
          <reporter-output>
          </reporter-output>
        </test-method> <!-- runScenario -->
        <test-method signature="runScenario(io.cucumber.testng.PickleWrapper,io.cucumber.testng.FeatureWrapper)[pri:0, instance:runners.TestRunner@38afe297]" started-at="2026-05-25T15:14:10 IST" name="runScenario" description="Runs Cucumber Scenarios" data-provider="scenarios" finished-at="2026-05-25T15:14:13 IST" duration-ms="3474" status="PASS">
          <params>
            <param index="0">
              <value>
                <![CDATA["Login with invalid password"]]>
              </value>
            </param>
            <param index="1">
              <value>
                <![CDATA["Login Functionality"]]>
              </value>
            </param>
          </params>
          <reporter-output>
          </reporter-output>
        </test-method> <!-- runScenario -->
        <test-method signature="runScenario(io.cucumber.testng.PickleWrapper,io.cucumber.testng.FeatureWrapper)[pri:0, instance:runners.TestRunner@38afe297]" started-at="2026-05-25T15:14:13 IST" name="runScenario" description="Runs Cucumber Scenarios" data-provider="scenarios" finished-at="2026-05-25T15:14:17 IST" duration-ms="3932" status="PASS">
          <params>
            <param index="0">
              <value>
                <![CDATA["Login with blank credentials"]]>
              </value>
            </param>
            <param index="1">
              <value>
                <![CDATA["Login Functionality"]]>
              </value>
            </param>
          </params>
          <reporter-output>
          </reporter-output>
        </test-method> <!-- runScenario -->
        <test-method signature="runScenario(io.cucumber.testng.PickleWrapper,io.cucumber.testng.FeatureWrapper)[pri:0, instance:runners.TestRunner@38afe297]" started-at="2026-05-25T15:14:17 IST" name="runScenario" description="Runs Cucumber Scenarios" data-provider="scenarios" finished-at="2026-05-25T15:14:20 IST" duration-ms="2645" status="PASS">
          <params>
            <param index="0">
              <value>
                <![CDATA["Verify all UI elements on login page"]]>
              </value>
            </param>
            <param index="1">
              <value>
                <![CDATA["Login Functionality"]]>
              </value>
            </param>
          </params>
          <reporter-output>
          </reporter-output>
        </test-method> <!-- runScenario -->
        <test-method signature="runScenario(io.cucumber.testng.PickleWrapper,io.cucumber.testng.FeatureWrapper)[pri:0, instance:runners.TestRunner@38afe297]" started-at="2026-05-25T15:14:20 IST" name="runScenario" description="Runs Cucumber Scenarios" data-provider="scenarios" finished-at="2026-05-25T15:14:23 IST" duration-ms="3531" status="PASS">
          <params>
            <param index="0">
              <value>
                <![CDATA["Verify error message for invalid login"]]>
              </value>
            </param>
            <param index="1">
              <value>
                <![CDATA["Login Functionality"]]>
              </value>
            </param>
          </params>
          <reporter-output>
          </reporter-output>
        </test-method> <!-- runScenario -->
        <test-method signature="runScenario(io.cucumber.testng.PickleWrapper,io.cucumber.testng.FeatureWrapper)[pri:0, instance:runners.TestRunner@38afe297]" started-at="2026-05-25T15:14:23 IST" name="runScenario" description="Runs Cucumber Scenarios" data-provider="scenarios" finished-at="2026-05-25T15:14:28 IST" duration-ms="4695" status="PASS">
          <params>
            <param index="0">
              <value>
                <![CDATA["Verify logout functionality"]]>
              </value>
            </param>
            <param index="1">
              <value>
                <![CDATA["Logout Functionality"]]>
              </value>
            </param>
          </params>
          <reporter-output>
          </reporter-output>
        </test-method> <!-- runScenario -->
        <test-method signature="runScenario(io.cucumber.testng.PickleWrapper,io.cucumber.testng.FeatureWrapper)[pri:0, instance:runners.TestRunner@38afe297]" started-at="2026-05-25T15:14:28 IST" name="runScenario" description="Runs Cucumber Scenarios" data-provider="scenarios" finished-at="2026-05-25T15:14:32 IST" duration-ms="4590" status="PASS">
          <params>
            <param index="0">
              <value>
                <![CDATA["Verify session termination after logout"]]>
              </value>
            </param>
            <param index="1">
              <value>
                <![CDATA["Logout Functionality"]]>
              </value>
            </param>
          </params>
          <reporter-output>
          </reporter-output>
        </test-method> <!-- runScenario -->
        <test-method signature="runScenario(io.cucumber.testng.PickleWrapper,io.cucumber.testng.FeatureWrapper)[pri:0, instance:runners.TestRunner@38afe297]" started-at="2026-05-25T15:14:32 IST" name="runScenario" description="Runs Cucumber Scenarios" data-provider="scenarios" finished-at="2026-05-25T15:14:41 IST" duration-ms="8316" status="PASS">
          <params>
            <param index="0">
              <value>
                <![CDATA["Navigate to user registration page"]]>
              </value>
            </param>
            <param index="1">
              <value>
                <![CDATA["Registration Functionality"]]>
              </value>
            </param>
          </params>
          <reporter-output>
          </reporter-output>
        </test-method> <!-- runScenario -->
        <test-method signature="runScenario(io.cucumber.testng.PickleWrapper,io.cucumber.testng.FeatureWrapper)[pri:0, instance:runners.TestRunner@38afe297]" started-at="2026-05-25T15:14:41 IST" name="runScenario" description="Runs Cucumber Scenarios" data-provider="scenarios" finished-at="2026-05-25T15:14:50 IST" duration-ms="8802" status="PASS">
          <params>
            <param index="0">
              <value>
                <![CDATA["Register new user with valid details"]]>
              </value>
            </param>
            <param index="1">
              <value>
                <![CDATA["Registration Functionality"]]>
              </value>
            </param>
          </params>
          <reporter-output>
          </reporter-output>
        </test-method> <!-- runScenario -->
        <test-method signature="runScenario(io.cucumber.testng.PickleWrapper,io.cucumber.testng.FeatureWrapper)[pri:0, instance:runners.TestRunner@38afe297]" started-at="2026-05-25T15:14:50 IST" name="runScenario" description="Runs Cucumber Scenarios" data-provider="scenarios" finished-at="2026-05-25T15:14:55 IST" duration-ms="5430" status="PASS">
          <params>
            <param index="0">
              <value>
                <![CDATA["Register user with missing mandatory fields"]]>
              </value>
            </param>
            <param index="1">
              <value>
                <![CDATA["Registration Functionality"]]>
              </value>
            </param>
          </params>
          <reporter-output>
          </reporter-output>
        </test-method> <!-- runScenario -->
        <test-method signature="runScenario(io.cucumber.testng.PickleWrapper,io.cucumber.testng.FeatureWrapper)[pri:0, instance:runners.TestRunner@38afe297]" started-at="2026-05-25T15:14:55 IST" name="runScenario" description="Runs Cucumber Scenarios" data-provider="scenarios" finished-at="2026-05-25T15:15:03 IST" duration-ms="7905" status="PASS">
          <params>
            <param index="0">
              <value>
                <![CDATA["Verify successful registration message"]]>
              </value>
            </param>
            <param index="1">
              <value>
                <![CDATA["Registration Functionality"]]>
              </value>
            </param>
          </params>
          <reporter-output>
          </reporter-output>
        </test-method> <!-- runScenario -->
        <test-method signature="runScenario(io.cucumber.testng.PickleWrapper,io.cucumber.testng.FeatureWrapper)[pri:0, instance:runners.TestRunner@38afe297]" started-at="2026-05-25T15:15:03 IST" name="runScenario" description="Runs Cucumber Scenarios" data-provider="scenarios" finished-at="2026-05-25T15:15:08 IST" duration-ms="5289" status="PASS">
          <params>
            <param index="0">
              <value>
                <![CDATA["Navigate to transfer funds page"]]>
              </value>
            </param>
            <param index="1">
              <value>
                <![CDATA["Transfer Funds Functionality"]]>
              </value>
            </param>
          </params>
          <reporter-output>
          </reporter-output>
        </test-method> <!-- runScenario -->
        <test-method signature="runScenario(io.cucumber.testng.PickleWrapper,io.cucumber.testng.FeatureWrapper)[pri:0, instance:runners.TestRunner@38afe297]" started-at="2026-05-25T15:15:08 IST" name="runScenario" description="Runs Cucumber Scenarios" data-provider="scenarios" finished-at="2026-05-25T15:15:21 IST" duration-ms="12503" status="PASS">
          <params>
            <param index="0">
              <value>
                <![CDATA["Transfer funds between accounts with valid data"]]>
              </value>
            </param>
            <param index="1">
              <value>
                <![CDATA["Transfer Funds Functionality"]]>
              </value>
            </param>
          </params>
          <reporter-output>
          </reporter-output>
        </test-method> <!-- runScenario -->
        <test-method signature="runScenario(io.cucumber.testng.PickleWrapper,io.cucumber.testng.FeatureWrapper)[pri:0, instance:runners.TestRunner@38afe297]" started-at="2026-05-25T15:15:21 IST" name="runScenario" description="Runs Cucumber Scenarios" data-provider="scenarios" finished-at="2026-05-25T15:15:30 IST" duration-ms="9639" status="PASS">
          <params>
            <param index="0">
              <value>
                <![CDATA["Transfer funds with invalid amount"]]>
              </value>
            </param>
            <param index="1">
              <value>
                <![CDATA["Transfer Funds Functionality"]]>
              </value>
            </param>
          </params>
          <reporter-output>
          </reporter-output>
        </test-method> <!-- runScenario -->
        <test-method signature="runScenario(io.cucumber.testng.PickleWrapper,io.cucumber.testng.FeatureWrapper)[pri:0, instance:runners.TestRunner@38afe297]" started-at="2026-05-25T15:15:30 IST" name="runScenario" description="Runs Cucumber Scenarios" data-provider="scenarios" finished-at="2026-05-25T15:15:43 IST" duration-ms="12300" status="PASS">
          <params>
            <param index="0">
              <value>
                <![CDATA["Verify success message after fund transfer"]]>
              </value>
            </param>
            <param index="1">
              <value>
                <![CDATA["Transfer Funds Functionality"]]>
              </value>
            </param>
          </params>
          <reporter-output>
          </reporter-output>
        </test-method> <!-- runScenario -->
        <test-method signature="runScenario(io.cucumber.testng.PickleWrapper,io.cucumber.testng.FeatureWrapper)[pri:0, instance:runners.TestRunner@38afe297]" started-at="2026-05-25T15:15:43 IST" name="runScenario" description="Runs Cucumber Scenarios" data-provider="scenarios" finished-at="2026-05-25T15:15:47 IST" duration-ms="4234" status="PASS">
          <params>
            <param index="0">
              <value>
                <![CDATA["Navigate to update contact information page"]]>
              </value>
            </param>
            <param index="1">
              <value>
                <![CDATA["Update Contact Information Functionality"]]>
              </value>
            </param>
          </params>
          <reporter-output>
          </reporter-output>
        </test-method> <!-- runScenario -->
        <test-method signature="runScenario(io.cucumber.testng.PickleWrapper,io.cucumber.testng.FeatureWrapper)[pri:0, instance:runners.TestRunner@38afe297]" started-at="2026-05-25T15:15:47 IST" name="runScenario" description="Runs Cucumber Scenarios" data-provider="scenarios" finished-at="2026-05-25T15:15:53 IST" duration-ms="5931" status="PASS">
          <params>
            <param index="0">
              <value>
                <![CDATA["Update contact details with valid data"]]>
              </value>
            </param>
            <param index="1">
              <value>
                <![CDATA["Update Contact Information Functionality"]]>
              </value>
            </param>
          </params>
          <reporter-output>
          </reporter-output>
        </test-method> <!-- runScenario -->
        <test-method signature="runScenario(io.cucumber.testng.PickleWrapper,io.cucumber.testng.FeatureWrapper)[pri:0, instance:runners.TestRunner@38afe297]" started-at="2026-05-25T15:15:53 IST" name="runScenario" description="Runs Cucumber Scenarios" data-provider="scenarios" finished-at="2026-05-25T15:15:58 IST" duration-ms="4886" status="PASS">
          <params>
            <param index="0">
              <value>
                <![CDATA["Update contact details with invalid data"]]>
              </value>
            </param>
            <param index="1">
              <value>
                <![CDATA["Update Contact Information Functionality"]]>
              </value>
            </param>
          </params>
          <reporter-output>
          </reporter-output>
        </test-method> <!-- runScenario -->
        <test-method signature="runScenario(io.cucumber.testng.PickleWrapper,io.cucumber.testng.FeatureWrapper)[pri:0, instance:runners.TestRunner@38afe297]" started-at="2026-05-25T15:15:58 IST" name="runScenario" description="Runs Cucumber Scenarios" data-provider="scenarios" finished-at="2026-05-25T15:16:06 IST" duration-ms="8474" status="PASS">
          <params>
            <param index="0">
              <value>
                <![CDATA["Verify updated contact information"]]>
              </value>
            </param>
            <param index="1">
              <value>
                <![CDATA["Update Contact Information Functionality"]]>
              </value>
            </param>
          </params>
          <reporter-output>
          </reporter-output>
        </test-method> <!-- runScenario -->
        <test-method is-config="true" signature="tearDownClass()[pri:0, instance:runners.TestRunner@38afe297]" started-at="2026-05-25T15:16:06 IST" name="tearDownClass" finished-at="2026-05-25T15:16:06 IST" duration-ms="14" status="PASS">
          <reporter-output>
          </reporter-output>
        </test-method> <!-- tearDownClass -->
      </class> <!-- runners.TestRunner -->
    </test> <!-- Default test -->
  </suite> <!-- Default suite -->
</testng-results>
