<?xml version="1.0" encoding="UTF-8"?>
<!-- Generated by org.testng.reporters.JUnitReportReporter -->
<testsuite hostname="Rajesh33" failures="0" tests="26" name="runners.TestRunner" time="123.092" errors="0" timestamp="2026-05-25T15:42:07 IST" skipped="0">
  <testcase classname="runners.TestRunner" name="runScenario" time="4.147"/>
  <testcase classname="runners.TestRunner" name="runScenario" time="3.353"/>
  <testcase classname="runners.TestRunner" name="runScenario" time="4.822"/>
  <testcase classname="runners.TestRunner" name="runScenario" time="4.418"/>
  <testcase classname="runners.TestRunner" name="runScenario" time="4.462"/>
  <testcase classname="runners.TestRunner" name="runScenario" time="5.525"/>
  <testcase classname="runners.TestRunner" name="runScenario" time="4.270"/>
  <testcase classname="runners.TestRunner" name="runScenario" time="3.642"/>
  <testcase classname="runners.TestRunner" name="runScenario" time="3.915"/>
  <testcase classname="runners.TestRunner" name="runScenario" time="5.290"/>
  <testcase classname="runners.TestRunner" name="runScenario" time="3.233"/>
  <testcase classname="runners.TestRunner" name="runScenario" time="3.181"/>
  <testcase classname="runners.TestRunner" name="runScenario" time="7.435"/>
  <testcase classname="runners.TestRunner" name="runScenario" time="5.607"/>
  <testcase classname="runners.TestRunner" name="runScenario" time="8.349"/>
  <testcase classname="runners.TestRunner" name="runScenario" time="2.463"/>
  <testcase classname="runners.TestRunner" name="runScenario" time="5.653"/>
  <testcase classname="runners.TestRunner" name="runScenario" time="4.996"/>
  <testcase classname="runners.TestRunner" name="runScenario" time="3.786"/>
  <testcase classname="runners.TestRunner" name="runScenario" time="4.241"/>
  <testcase classname="runners.TestRunner" name="runScenario" time="3.014"/>
  <testcase classname="runners.TestRunner" name="runScenario" time="8.062"/>
  <testcase classname="runners.TestRunner" name="runScenario" time="4.738"/>
  <testcase classname="runners.TestRunner" name="runScenario" time="3.163"/>
  <testcase classname="runners.TestRunner" name="runScenario" time="3.861"/>
  <testcase classname="runners.TestRunner" name="runScenario" time="7.466"/>
</testsuite> <!-- runners.TestRunner -->
