<?xml version="1.0" encoding="UTF-8"?>
<!-- Generated by org.testng.reporters.JUnitReportReporter -->
<testsuite hostname="Rajesh33" failures="0" tests="26" name="runners.TestRunner" time="238.562" errors="0" timestamp="2026-05-25T17:07:48 IST" skipped="0">
  <testcase classname="runners.TestRunner" name="runScenario" time="9.932"/>
  <testcase classname="runners.TestRunner" name="runScenario" time="11.078"/>
  <testcase classname="runners.TestRunner" name="runScenario" time="9.818"/>
  <testcase classname="runners.TestRunner" name="runScenario" time="5.564"/>
  <testcase classname="runners.TestRunner" name="runScenario" time="9.581"/>
  <testcase classname="runners.TestRunner" name="runScenario" time="9.925"/>
  <testcase classname="runners.TestRunner" name="runScenario" time="11.207"/>
  <testcase classname="runners.TestRunner" name="runScenario" time="6.968"/>
  <testcase classname="runners.TestRunner" name="runScenario" time="7.325"/>
  <testcase classname="runners.TestRunner" name="runScenario" time="11.066"/>
  <testcase classname="runners.TestRunner" name="runScenario" time="9.689"/>
  <testcase classname="runners.TestRunner" name="runScenario" time="3.884"/>
  <testcase classname="runners.TestRunner" name="runScenario" time="6.014"/>
  <testcase classname="runners.TestRunner" name="runScenario" time="8.405"/>
  <testcase classname="runners.TestRunner" name="runScenario" time="10.797"/>
  <testcase classname="runners.TestRunner" name="runScenario" time="8.056"/>
  <testcase classname="runners.TestRunner" name="runScenario" time="7.450"/>
  <testcase classname="runners.TestRunner" name="runScenario" time="13.858"/>
  <testcase classname="runners.TestRunner" name="runScenario" time="8.267"/>
  <testcase classname="runners.TestRunner" name="runScenario" time="8.316"/>
  <testcase classname="runners.TestRunner" name="runScenario" time="10.601"/>
  <testcase classname="runners.TestRunner" name="runScenario" time="9.376"/>
  <testcase classname="runners.TestRunner" name="runScenario" time="11.252"/>
  <testcase classname="runners.TestRunner" name="runScenario" time="9.135"/>
  <testcase classname="runners.TestRunner" name="runScenario" time="12.457"/>
  <testcase classname="runners.TestRunner" name="runScenario" time="8.541"/>
</testsuite> <!-- runners.TestRunner -->
