<?xml version="1.0" encoding="UTF-8"?>
<!-- Generated by org.testng.reporters.JUnitReportReporter -->
<testsuite hostname="Rajesh33" failures="0" tests="26" name="runners.TestRunner" time="190.533" errors="0" timestamp="2026-05-25T15:24:21 IST" skipped="0">
  <testcase classname="runners.TestRunner" name="runScenario" time="7.334"/>
  <testcase classname="runners.TestRunner" name="runScenario" time="7.620"/>
  <testcase classname="runners.TestRunner" name="runScenario" time="3.771"/>
  <testcase classname="runners.TestRunner" name="runScenario" time="5.076"/>
  <testcase classname="runners.TestRunner" name="runScenario" time="4.693"/>
  <testcase classname="runners.TestRunner" name="runScenario" time="5.257"/>
  <testcase classname="runners.TestRunner" name="runScenario" time="8.583"/>
  <testcase classname="runners.TestRunner" name="runScenario" time="3.584"/>
  <testcase classname="runners.TestRunner" name="runScenario" time="7.728"/>
  <testcase classname="runners.TestRunner" name="runScenario" time="10.512"/>
  <testcase classname="runners.TestRunner" name="runScenario" time="10.496"/>
  <testcase classname="runners.TestRunner" name="runScenario" time="6.885"/>
  <testcase classname="runners.TestRunner" name="runScenario" time="12.444"/>
  <testcase classname="runners.TestRunner" name="runScenario" time="4.538"/>
  <testcase classname="runners.TestRunner" name="runScenario" time="10.582"/>
  <testcase classname="runners.TestRunner" name="runScenario" time="4.161"/>
  <testcase classname="runners.TestRunner" name="runScenario" time="9.004"/>
  <testcase classname="runners.TestRunner" name="runScenario" time="3.980"/>
  <testcase classname="runners.TestRunner" name="runScenario" time="4.241"/>
  <testcase classname="runners.TestRunner" name="runScenario" time="8.119"/>
  <testcase classname="runners.TestRunner" name="runScenario" time="10.227"/>
  <testcase classname="runners.TestRunner" name="runScenario" time="4.974"/>
  <testcase classname="runners.TestRunner" name="runScenario" time="8.364"/>
  <testcase classname="runners.TestRunner" name="runScenario" time="12.944"/>
  <testcase classname="runners.TestRunner" name="runScenario" time="10.059"/>
  <testcase classname="runners.TestRunner" name="runScenario" time="5.357"/>
</testsuite> <!-- runners.TestRunner -->
